<?xml version="1.0" encoding="UTF-8"?>
<testsuite name="com.krishi.martianrobots.InputParserTests" tests="3" skipped="0" failures="0" errors="0" timestamp="2017-11-13T13:26:04" hostname="Krishis-MacBook-Pro.local" time="0.007">
  <properties/>
  <testcase name="cityParserShouldParseGridBoundsCorrectly" classname="com.krishi.martianrobots.InputParserTests" time="0.006"/>
  <testcase name="cityParserShouldParseInitialRobotStatesCorrectly" classname="com.krishi.martianrobots.InputParserTests" time="0.0"/>
  <testcase name="cityParserShouldParseRobotInstructionsCorrectly" classname="com.krishi.martianrobots.InputParserTests" time="0.0"/>
  <system-out><![CDATA[]]></system-out>
  <system-err><![CDATA[]]></system-err>
</testsuite>
